[debug] [2021-10-04T10:21:52.782Z] ----------------------------------------------------------------------
[debug] [2021-10-04T10:21:52.786Z] Command:       /usr/local/bin/node /app/node_modules/.bin/firebase emulators:start
[debug] [2021-10-04T10:21:52.786Z] CLI Version:   9.19.0
[debug] [2021-10-04T10:21:52.787Z] Platform:      linux
[debug] [2021-10-04T10:21:52.787Z] Node Version:  v14.18.0
[debug] [2021-10-04T10:21:52.787Z] Time:          Mon Oct 04 2021 10:21:52 GMT+0000 (Coordinated Universal Time)
[debug] [2021-10-04T10:21:52.788Z] ----------------------------------------------------------------------
[debug] 
[debug] [2021-10-04T10:21:52.791Z] >>> [apiv2][query] GET https://firebase-public.firebaseio.com/cli.json [none]
[debug] [2021-10-04T10:21:52.937Z] > command requires scopes: ["email","openid","https://www.googleapis.com/auth/cloudplatformprojects.readonly","https://www.googleapis.com/auth/firebase","https://www.googleapis.com/auth/cloud-platform"]
[info] i  emulators: Starting emulators: auth {"metadata":{"emulator":{"name":"hub"},"message":"Starting emulators: auth"}}
[debug] [2021-10-04T10:21:53.016Z] [hub] writing locator at /tmp/hub-peerprep-bde04.json
[info] i  ui: downloading ui-v1.6.3.zip... {"metadata":{"emulator":{"name":"ui"},"message":"downloading ui-v1.6.3.zip..."}}
[debug] [2021-10-04T10:22:02.259Z] >>> [apiv2][query] GET https://storage.googleapis.com/firebase-preview-drop/emulator/ui-v1.6.3.zip 
[debug] [2021-10-04T10:22:02.297Z] <<< [apiv2][status] GET https://storage.googleapis.com/firebase-preview-drop/emulator/ui-v1.6.3.zip 200
[debug] [2021-10-04T10:22:02.298Z] <<< [apiv2][body] GET https://storage.googleapis.com/firebase-preview-drop/emulator/ui-v1.6.3.zip [stream]
[debug] [2021-10-04T10:22:02.619Z] <<< [apiv2][status] GET https://firebase-public.firebaseio.com/cli.json 200
[debug] [2021-10-04T10:22:02.619Z] <<< [apiv2][body] GET https://firebase-public.firebaseio.com/cli.json {"cloudBuildErrorAfter":1594252800000,"cloudBuildWarnAfter":1590019200000,"defaultNode10After":1594252800000,"minVersion":"3.0.5","node8DeploysDisabledAfter":1613390400000,"node8RuntimeDisabledAfter":1615809600000,"node8WarnAfter":1600128000000}
[debug] [2021-10-04T10:22:03.188Z] Ignoring unsupported arg: auto_download {"metadata":{"emulator":{"name":"ui"},"message":"Ignoring unsupported arg: auto_download"}}
[debug] [2021-10-04T10:22:03.189Z] Ignoring unsupported arg: port {"metadata":{"emulator":{"name":"ui"},"message":"Ignoring unsupported arg: port"}}
[debug] [2021-10-04T10:22:03.189Z] Starting Emulator UI with command {"binary":"node","args":["/root/.cache/firebase/emulators/ui-v1.6.3/server.bundle.js"],"optionalArgs":[],"joinArgs":false} {"metadata":{"emulator":{"name":"ui"},"message":"Starting Emulator UI with command {\"binary\":\"node\",\"args\":[\"/root/.cache/firebase/emulators/ui-v1.6.3/server.bundle.js\"],\"optionalArgs\":[],\"joinArgs\":false}"}}
[info] i  ui: Emulator UI logging to ui-debug.log {"metadata":{"emulator":{"name":"ui"},"message":"Emulator UI logging to \u001b[1mui-debug.log\u001b[22m"}}
[debug] [2021-10-04T10:22:03.415Z] Web / API server started at localhost:9098
 {"metadata":{"emulator":{"name":"ui"},"message":"Web / API server started at localhost:9098\n"}}
[info] 
┌─────────────────────────────────────────────────────────────┐
│ ✔  All emulators ready! It is now safe to connect your app. │
│ i  View Emulator UI at http://localhost:9098                │
└─────────────────────────────────────────────────────────────┘

┌────────────────┬────────────────┬────────────────────────────┐
│ Emulator       │ Host:Port      │ View in Emulator UI        │
├────────────────┼────────────────┼────────────────────────────┤
│ Authentication │ localhost:9099 │ http://localhost:9098/auth │
└────────────────┴────────────────┴────────────────────────────┘
  Emulator Hub running at localhost:4400
  Other reserved ports: 4500

Issues? Report them at https://github.com/firebase/firebase-tools/issues and attach the *-debug.log files.
 
[debug] [2021-10-04T10:27:51.326Z] ----------------------------------------------------------------------
[debug] [2021-10-04T10:27:51.331Z] Command:       /usr/local/bin/node /app/node_modules/.bin/firebase emulators:start
[debug] [2021-10-04T10:27:51.331Z] CLI Version:   9.19.0
[debug] [2021-10-04T10:27:51.331Z] Platform:      linux
[debug] [2021-10-04T10:27:51.332Z] Node Version:  v14.18.0
[debug] [2021-10-04T10:27:51.332Z] Time:          Mon Oct 04 2021 10:27:51 GMT+0000 (Coordinated Universal Time)
[debug] [2021-10-04T10:27:51.332Z] ----------------------------------------------------------------------
[debug] 
[debug] [2021-10-04T10:27:51.426Z] > command requires scopes: ["email","openid","https://www.googleapis.com/auth/cloudplatformprojects.readonly","https://www.googleapis.com/auth/firebase","https://www.googleapis.com/auth/cloud-platform"]
[info] i  emulators: Starting emulators: auth {"metadata":{"emulator":{"name":"hub"},"message":"Starting emulators: auth"}}
[warn] ⚠  emulators: It seems that you are running multiple instances of the emulator suite for project peerprep-bde04. This may result in unexpected behavior. 
[debug] [2021-10-04T10:27:51.574Z] [hub] writing locator at /tmp/hub-peerprep-bde04.json
[debug] [2021-10-04T10:28:00.595Z] Ignoring unsupported arg: auto_download {"metadata":{"emulator":{"name":"ui"},"message":"Ignoring unsupported arg: auto_download"}}
[debug] [2021-10-04T10:28:00.596Z] Ignoring unsupported arg: port {"metadata":{"emulator":{"name":"ui"},"message":"Ignoring unsupported arg: port"}}
[debug] [2021-10-04T10:28:00.597Z] Starting Emulator UI with command {"binary":"node","args":["/root/.cache/firebase/emulators/ui-v1.6.3/server.bundle.js"],"optionalArgs":[],"joinArgs":false} {"metadata":{"emulator":{"name":"ui"},"message":"Starting Emulator UI with command {\"binary\":\"node\",\"args\":[\"/root/.cache/firebase/emulators/ui-v1.6.3/server.bundle.js\"],\"optionalArgs\":[],\"joinArgs\":false}"}}
[info] i  ui: Emulator UI logging to ui-debug.log {"metadata":{"emulator":{"name":"ui"},"message":"Emulator UI logging to \u001b[1mui-debug.log\u001b[22m"}}
[debug] [2021-10-04T10:28:00.807Z] Web / API server started at 0.0.0.0:9098
 {"metadata":{"emulator":{"name":"ui"},"message":"Web / API server started at 0.0.0.0:9098\n"}}
[info] 
┌─────────────────────────────────────────────────────────────┐
│ ✔  All emulators ready! It is now safe to connect your app. │
│ i  View Emulator UI at http://0.0.0.0:9098                  │
└─────────────────────────────────────────────────────────────┘

┌────────────────┬──────────────┬──────────────────────────┐
│ Emulator       │ Host:Port    │ View in Emulator UI      │
├────────────────┼──────────────┼──────────────────────────┤
│ Authentication │ 0.0.0.0:9099 │ http://0.0.0.0:9098/auth │
└────────────────┴──────────────┴──────────────────────────┘
  Emulator Hub running at localhost:4400
  Other reserved ports: 4500

Issues? Report them at https://github.com/firebase/firebase-tools/issues and attach the *-debug.log files.
 
